<?xml version="1.0" encoding="UTF-8"?>
<!-- Generated by org.testng.reporters.JUnitReportReporter -->
<testsuite skipped="0" hostname="Mandy" name="com.testng.LoginTest" tests="2" failures="0" timestamp="12 Aug 2018 14:56:47 GMT" time="28.266" errors="0">
  <testcase name="enter_wrong_password" time="14.876" classname="com.testng.LoginTest"/>
  <testcase name="enter_wrong_email" time="13.390" classname="com.testng.LoginTest"/>
</testsuite> <!-- com.testng.LoginTest -->
